{
  "RSpec": {
    "coverage": {
      "/Users/ndavies/phase-3/client-project-challenge/pokepedia/app/helpers/application_helper.rb": [
        1,
        null
      ],
      "/Users/ndavies/phase-3/client-project-challenge/pokepedia/app/models/article.rb": [
        1,
        1,
        1,
        1,
        1,
        null,
        1,
        2,
        null,
        null
      ],
      "/Users/ndavies/phase-3/client-project-challenge/pokepedia/app/models/categorization.rb": [
        1,
        1,
        1,
        null
      ],
      "/Users/ndavies/phase-3/client-project-challenge/pokepedia/app/models/category.rb": [
        1,
        1,
        1,
        1,
        null
      ],
      "/Users/ndavies/phase-3/client-project-challenge/pokepedia/app/models/user.rb": [
        1,
        1,
        1,
        1,
        1,
        null,
        1,
        null
      ],
      "/Users/ndavies/phase-3/client-project-challenge/pokepedia/app/models/version.rb": [
        1,
        1,
        1,
        1,
        1,
        1,
        1,
        null
      ],
      "/Users/ndavies/phase-3/client-project-challenge/pokepedia/app/controllers/application_controller.rb": [
        0,
        0,
        0,
        0,
        0,
        0,
        0,
        0,
        0,
        0,
        0
      ],
      "/Users/ndavies/phase-3/client-project-challenge/pokepedia/app/controllers/articles_controller.rb": [
        0,
        0,
        0,
        0,
        0,
        0,
        0,
        0,
        0,
        0,
        0,
        0,
        0,
        0,
        0,
        0,
        0
      ],
      "/Users/ndavies/phase-3/client-project-challenge/pokepedia/app/controllers/sessions_controller.rb": [
        0,
        0,
        0,
        0,
        0,
        0,
        0,
        0,
        0,
        0,
        0,
        0,
        0,
        0,
        0,
        0,
        0,
        0,
        0,
        0,
        0,
        0,
        0,
        0,
        0,
        0
      ],
      "/Users/ndavies/phase-3/client-project-challenge/pokepedia/app/controllers/users_controller.rb": [
        0,
        0,
        0,
        0,
        0,
        0,
        0,
        0,
        0,
        0,
        0,
        0,
        0,
        0,
        0,
        0,
        0,
        0,
        0,
        0,
        0,
        0,
        0,
        0,
        0,
        0,
        0,
        0,
        0,
        0,
        0
      ],
      "/Users/ndavies/phase-3/client-project-challenge/pokepedia/app/controllers/versions_controller.rb": [
        0,
        0,
        0,
        0,
        0,
        0
      ]
    },
    "timestamp": 1455638195
  }
}
